{"C:\\Users\\JOSIE\\Desktop\\EMR-develop\\controller\\controlleruser.js": {"path":"C:\\Users\\JOSIE\\Desktop\\EMR-develop\\controller\\controlleruser.js","statementMap":{"0":{"start":{"line":1,"column":11},"end":{"line":1,"column":35}},"1":{"start":{"line":3,"column":15},"end":{"line":3,"column":32}},"2":{"start":{"line":4,"column":19},"end":{"line":4,"column":20}},"3":{"start":{"line":7,"column":23},"end":{"line":231,"column":1}},"4":{"start":{"line":10,"column":8},"end":{"line":21,"column":9}},"5":{"start":{"line":11,"column":12},"end":{"line":11,"column":46}},"6":{"start":{"line":12,"column":26},"end":{"line":12,"column":31}},"7":{"start":{"line":13,"column":12},"end":{"line":13,"column":50}},"8":{"start":{"line":17,"column":12},"end":{"line":17,"column":32}},"9":{"start":{"line":19,"column":26},"end":{"line":19,"column":31}},"10":{"start":{"line":20,"column":12},"end":{"line":20,"column":50}},"11":{"start":{"line":25,"column":8},"end":{"line":25,"column":26}},"12":{"start":{"line":28,"column":8},"end":{"line":65,"column":11}},"13":{"start":{"line":29,"column":25},"end":{"line":29,"column":34}},"14":{"start":{"line":30,"column":25},"end":{"line":30,"column":76}},"15":{"start":{"line":32,"column":12},"end":{"line":37,"column":13}},"16":{"start":{"line":34,"column":30},"end":{"line":34,"column":34}},"17":{"start":{"line":35,"column":14},"end":{"line":35,"column":43}},"18":{"start":{"line":36,"column":14},"end":{"line":36,"column":59}},"19":{"start":{"line":39,"column":12},"end":{"line":60,"column":15}},"20":{"start":{"line":40,"column":14},"end":{"line":45,"column":15}},"21":{"start":{"line":42,"column":32},"end":{"line":42,"column":36}},"22":{"start":{"line":43,"column":16},"end":{"line":43,"column":65}},"23":{"start":{"line":44,"column":16},"end":{"line":44,"column":62}},"24":{"start":{"line":47,"column":14},"end":{"line":51,"column":15}},"25":{"start":{"line":49,"column":32},"end":{"line":49,"column":36}},"26":{"start":{"line":50,"column":16},"end":{"line":50,"column":61}},"27":{"start":{"line":55,"column":14},"end":{"line":55,"column":55}},"28":{"start":{"line":56,"column":14},"end":{"line":56,"column":48}},"29":{"start":{"line":57,"column":14},"end":{"line":57,"column":50}},"30":{"start":{"line":58,"column":34},"end":{"line":58,"column":88}},"31":{"start":{"line":59,"column":14},"end":{"line":59,"column":39}},"32":{"start":{"line":62,"column":28},"end":{"line":62,"column":32}},"33":{"start":{"line":63,"column":12},"end":{"line":63,"column":56}},"34":{"start":{"line":64,"column":12},"end":{"line":64,"column":57}},"35":{"start":{"line":70,"column":8},"end":{"line":84,"column":9}},"36":{"start":{"line":71,"column":31},"end":{"line":71,"column":41}},"37":{"start":{"line":72,"column":30},"end":{"line":72,"column":74}},"38":{"start":{"line":73,"column":12},"end":{"line":78,"column":13}},"39":{"start":{"line":74,"column":16},"end":{"line":74,"column":61}},"40":{"start":{"line":77,"column":16},"end":{"line":77,"column":45}},"41":{"start":{"line":81,"column":12},"end":{"line":81,"column":42}},"42":{"start":{"line":82,"column":12},"end":{"line":82,"column":45}},"43":{"start":{"line":83,"column":12},"end":{"line":83,"column":41}},"44":{"start":{"line":88,"column":8},"end":{"line":88,"column":34}},"45":{"start":{"line":93,"column":20},"end":{"line":139,"column":14}},"46":{"start":{"line":95,"column":27},"end":{"line":95,"column":35}},"47":{"start":{"line":96,"column":29},"end":{"line":96,"column":59}},"48":{"start":{"line":97,"column":29},"end":{"line":97,"column":69}},"49":{"start":{"line":98,"column":30},"end":{"line":102,"column":18}},"50":{"start":{"line":103,"column":16},"end":{"line":103,"column":31}},"51":{"start":{"line":106,"column":28},"end":{"line":106,"column":45}},"52":{"start":{"line":107,"column":34},"end":{"line":107,"column":64}},"53":{"start":{"line":108,"column":16},"end":{"line":113,"column":17}},"54":{"start":{"line":109,"column":40},"end":{"line":109,"column":67}},"55":{"start":{"line":110,"column":20},"end":{"line":112,"column":21}},"56":{"start":{"line":111,"column":24},"end":{"line":111,"column":36}},"57":{"start":{"line":114,"column":16},"end":{"line":114,"column":31}},"58":{"start":{"line":117,"column":16},"end":{"line":124,"column":17}},"59":{"start":{"line":118,"column":20},"end":{"line":118,"column":41}},"60":{"start":{"line":119,"column":20},"end":{"line":119,"column":41}},"61":{"start":{"line":120,"column":20},"end":{"line":120,"column":35}},"62":{"start":{"line":123,"column":20},"end":{"line":123,"column":32}},"63":{"start":{"line":127,"column":16},"end":{"line":133,"column":17}},"64":{"start":{"line":128,"column":20},"end":{"line":128,"column":48}},"65":{"start":{"line":131,"column":20},"end":{"line":131,"column":41}},"66":{"start":{"line":132,"column":20},"end":{"line":132,"column":49}},"67":{"start":{"line":136,"column":16},"end":{"line":136,"column":33}},"68":{"start":{"line":138,"column":16},"end":{"line":138,"column":45}},"69":{"start":{"line":144,"column":8},"end":{"line":149,"column":9}},"70":{"start":{"line":145,"column":12},"end":{"line":145,"column":34}},"71":{"start":{"line":148,"column":12},"end":{"line":148,"column":30}},"72":{"start":{"line":150,"column":8},"end":{"line":150,"column":36}},"73":{"start":{"line":155,"column":8},"end":{"line":172,"column":9}},"74":{"start":{"line":156,"column":31},"end":{"line":156,"column":41}},"75":{"start":{"line":157,"column":30},"end":{"line":157,"column":74}},"76":{"start":{"line":158,"column":12},"end":{"line":166,"column":13}},"77":{"start":{"line":159,"column":16},"end":{"line":159,"column":41}},"78":{"start":{"line":160,"column":16},"end":{"line":160,"column":64}},"79":{"start":{"line":163,"column":16},"end":{"line":163,"column":41}},"80":{"start":{"line":164,"column":16},"end":{"line":164,"column":36}},"81":{"start":{"line":165,"column":16},"end":{"line":165,"column":44}},"82":{"start":{"line":169,"column":12},"end":{"line":169,"column":42}},"83":{"start":{"line":170,"column":12},"end":{"line":170,"column":45}},"84":{"start":{"line":171,"column":12},"end":{"line":171,"column":40}},"85":{"start":{"line":177,"column":20},"end":{"line":228,"column":14}},"86":{"start":{"line":179,"column":27},"end":{"line":179,"column":35}},"87":{"start":{"line":180,"column":29},"end":{"line":180,"column":59}},"88":{"start":{"line":181,"column":29},"end":{"line":181,"column":73}},"89":{"start":{"line":182,"column":16},"end":{"line":182,"column":50}},"90":{"start":{"line":183,"column":16},"end":{"line":183,"column":50}},"91":{"start":{"line":184,"column":30},"end":{"line":188,"column":18}},"92":{"start":{"line":189,"column":16},"end":{"line":189,"column":31}},"93":{"start":{"line":193,"column":16},"end":{"line":193,"column":37}},"94":{"start":{"line":194,"column":16},"end":{"line":213,"column":17}},"95":{"start":{"line":195,"column":32},"end":{"line":195,"column":68}},"96":{"start":{"line":196,"column":20},"end":{"line":196,"column":41}},"97":{"start":{"line":197,"column":20},"end":{"line":207,"column":27}},"98":{"start":{"line":204,"column":28},"end":{"line":206,"column":29}},"99":{"start":{"line":205,"column":32},"end":{"line":205,"column":49}},"100":{"start":{"line":208,"column":20},"end":{"line":208,"column":35}},"101":{"start":{"line":212,"column":20},"end":{"line":212,"column":32}},"102":{"start":{"line":217,"column":16},"end":{"line":217,"column":34}},"103":{"start":{"line":225,"column":16},"end":{"line":225,"column":33}},"104":{"start":{"line":227,"column":16},"end":{"line":227,"column":45}},"105":{"start":{"line":233,"column":0},"end":{"line":233,"column":32}}},"fnMap":{"0":{"name":"(anonymous_0)","decl":{"start":{"line":9,"column":11},"end":{"line":9,"column":12}},"loc":{"start":{"line":9,"column":31},"end":{"line":22,"column":5}},"line":9},"1":{"name":"(anonymous_1)","decl":{"start":{"line":24,"column":13},"end":{"line":24,"column":14}},"loc":{"start":{"line":24,"column":33},"end":{"line":26,"column":5}},"line":24},"2":{"name":"(anonymous_2)","decl":{"start":{"line":27,"column":16},"end":{"line":27,"column":17}},"loc":{"start":{"line":27,"column":36},"end":{"line":67,"column":5}},"line":27},"3":{"name":"(anonymous_3)","decl":{"start":{"line":39,"column":61},"end":{"line":39,"column":62}},"loc":{"start":{"line":39,"column":91},"end":{"line":60,"column":13}},"line":39},"4":{"name":"(anonymous_4)","decl":{"start":{"line":69,"column":14},"end":{"line":69,"column":15}},"loc":{"start":{"line":69,"column":34},"end":{"line":85,"column":5}},"line":69},"5":{"name":"(anonymous_5)","decl":{"start":{"line":87,"column":12},"end":{"line":87,"column":13}},"loc":{"start":{"line":87,"column":32},"end":{"line":89,"column":5}},"line":87},"6":{"name":"(anonymous_6)","decl":{"start":{"line":92,"column":13},"end":{"line":92,"column":14}},"loc":{"start":{"line":92,"column":33},"end":{"line":140,"column":5}},"line":92},"7":{"name":"(anonymous_7)","decl":{"start":{"line":94,"column":18},"end":{"line":94,"column":19}},"loc":{"start":{"line":94,"column":30},"end":{"line":104,"column":13}},"line":94},"8":{"name":"(anonymous_8)","decl":{"start":{"line":105,"column":18},"end":{"line":105,"column":19}},"loc":{"start":{"line":105,"column":37},"end":{"line":115,"column":13}},"line":105},"9":{"name":"(anonymous_9)","decl":{"start":{"line":116,"column":18},"end":{"line":116,"column":19}},"loc":{"start":{"line":116,"column":37},"end":{"line":125,"column":13}},"line":116},"10":{"name":"(anonymous_10)","decl":{"start":{"line":126,"column":18},"end":{"line":126,"column":19}},"loc":{"start":{"line":126,"column":37},"end":{"line":134,"column":13}},"line":126},"11":{"name":"(anonymous_11)","decl":{"start":{"line":135,"column":19},"end":{"line":135,"column":20}},"loc":{"start":{"line":135,"column":28},"end":{"line":139,"column":13}},"line":135},"12":{"name":"(anonymous_12)","decl":{"start":{"line":143,"column":12},"end":{"line":143,"column":13}},"loc":{"start":{"line":143,"column":32},"end":{"line":151,"column":5}},"line":143},"13":{"name":"(anonymous_13)","decl":{"start":{"line":154,"column":14},"end":{"line":154,"column":15}},"loc":{"start":{"line":154,"column":34},"end":{"line":173,"column":5}},"line":154},"14":{"name":"(anonymous_14)","decl":{"start":{"line":176,"column":16},"end":{"line":176,"column":17}},"loc":{"start":{"line":176,"column":36},"end":{"line":229,"column":5}},"line":176},"15":{"name":"(anonymous_15)","decl":{"start":{"line":178,"column":18},"end":{"line":178,"column":19}},"loc":{"start":{"line":178,"column":30},"end":{"line":190,"column":13}},"line":178},"16":{"name":"(anonymous_16)","decl":{"start":{"line":192,"column":18},"end":{"line":192,"column":19}},"loc":{"start":{"line":192,"column":37},"end":{"line":214,"column":13}},"line":192},"17":{"name":"(anonymous_17)","decl":{"start":{"line":203,"column":27},"end":{"line":203,"column":28}},"loc":{"start":{"line":203,"column":50},"end":{"line":207,"column":25}},"line":203},"18":{"name":"(anonymous_18)","decl":{"start":{"line":215,"column":18},"end":{"line":215,"column":19}},"loc":{"start":{"line":215,"column":37},"end":{"line":223,"column":13}},"line":215},"19":{"name":"(anonymous_19)","decl":{"start":{"line":224,"column":19},"end":{"line":224,"column":20}},"loc":{"start":{"line":224,"column":28},"end":{"line":228,"column":13}},"line":224}},"branchMap":{"0":{"loc":{"start":{"line":10,"column":8},"end":{"line":21,"column":9}},"type":"if","locations":[{"start":{"line":10,"column":8},"end":{"line":21,"column":9}},{"start":{"line":15,"column":13},"end":{"line":21,"column":9}}],"line":10},"1":{"loc":{"start":{"line":32,"column":12},"end":{"line":37,"column":13}},"type":"if","locations":[{"start":{"line":32,"column":12},"end":{"line":37,"column":13}},{"start":{},"end":{}}],"line":32},"2":{"loc":{"start":{"line":40,"column":14},"end":{"line":45,"column":15}},"type":"if","locations":[{"start":{"line":40,"column":14},"end":{"line":45,"column":15}},{"start":{},"end":{}}],"line":40},"3":{"loc":{"start":{"line":47,"column":14},"end":{"line":51,"column":15}},"type":"if","locations":[{"start":{"line":47,"column":14},"end":{"line":51,"column":15}},{"start":{},"end":{}}],"line":47},"4":{"loc":{"start":{"line":70,"column":8},"end":{"line":84,"column":9}},"type":"if","locations":[{"start":{"line":70,"column":8},"end":{"line":84,"column":9}},{"start":{"line":80,"column":13},"end":{"line":84,"column":9}}],"line":70},"5":{"loc":{"start":{"line":73,"column":12},"end":{"line":78,"column":13}},"type":"if","locations":[{"start":{"line":73,"column":12},"end":{"line":78,"column":13}},{"start":{"line":76,"column":17},"end":{"line":78,"column":13}}],"line":73},"6":{"loc":{"start":{"line":110,"column":20},"end":{"line":112,"column":21}},"type":"if","locations":[{"start":{"line":110,"column":20},"end":{"line":112,"column":21}},{"start":{},"end":{}}],"line":110},"7":{"loc":{"start":{"line":117,"column":16},"end":{"line":124,"column":17}},"type":"if","locations":[{"start":{"line":117,"column":16},"end":{"line":124,"column":17}},{"start":{"line":122,"column":21},"end":{"line":124,"column":17}}],"line":117},"8":{"loc":{"start":{"line":127,"column":16},"end":{"line":133,"column":17}},"type":"if","locations":[{"start":{"line":127,"column":16},"end":{"line":133,"column":17}},{"start":{"line":130,"column":21},"end":{"line":133,"column":17}}],"line":127},"9":{"loc":{"start":{"line":144,"column":8},"end":{"line":149,"column":9}},"type":"if","locations":[{"start":{"line":144,"column":8},"end":{"line":149,"column":9}},{"start":{"line":147,"column":13},"end":{"line":149,"column":9}}],"line":144},"10":{"loc":{"start":{"line":155,"column":8},"end":{"line":172,"column":9}},"type":"if","locations":[{"start":{"line":155,"column":8},"end":{"line":172,"column":9}},{"start":{"line":168,"column":13},"end":{"line":172,"column":9}}],"line":155},"11":{"loc":{"start":{"line":158,"column":12},"end":{"line":166,"column":13}},"type":"if","locations":[{"start":{"line":158,"column":12},"end":{"line":166,"column":13}},{"start":{"line":162,"column":17},"end":{"line":166,"column":13}}],"line":158},"12":{"loc":{"start":{"line":194,"column":16},"end":{"line":213,"column":17}},"type":"if","locations":[{"start":{"line":194,"column":16},"end":{"line":213,"column":17}},{"start":{"line":211,"column":21},"end":{"line":213,"column":17}}],"line":194},"13":{"loc":{"start":{"line":204,"column":28},"end":{"line":206,"column":29}},"type":"if","locations":[{"start":{"line":204,"column":28},"end":{"line":206,"column":29}},{"start":{},"end":{}}],"line":204}},"s":{"0":1,"1":1,"2":1,"3":1,"4":1,"5":1,"6":1,"7":1,"8":0,"9":0,"10":0,"11":0,"12":3,"13":3,"14":3,"15":3,"16":2,"17":2,"18":2,"19":1,"20":0,"21":0,"22":0,"23":0,"24":0,"25":0,"26":0,"27":0,"28":0,"29":0,"30":0,"31":0,"32":0,"33":0,"34":0,"35":0,"36":0,"37":0,"38":0,"39":0,"40":0,"41":0,"42":0,"43":0,"44":0,"45":0,"46":0,"47":0,"48":0,"49":0,"50":0,"51":0,"52":0,"53":0,"54":0,"55":0,"56":0,"57":0,"58":0,"59":0,"60":0,"61":0,"62":0,"63":0,"64":0,"65":0,"66":0,"67":0,"68":0,"69":1,"70":1,"71":0,"72":1,"73":0,"74":0,"75":0,"76":0,"77":0,"78":0,"79":0,"80":0,"81":0,"82":0,"83":0,"84":0,"85":0,"86":0,"87":0,"88":0,"89":0,"90":0,"91":0,"92":0,"93":0,"94":0,"95":0,"96":0,"97":0,"98":0,"99":0,"100":0,"101":0,"102":0,"103":0,"104":0,"105":1},"f":{"0":1,"1":0,"2":3,"3":0,"4":0,"5":0,"6":0,"7":0,"8":0,"9":0,"10":0,"11":0,"12":1,"13":0,"14":0,"15":0,"16":0,"17":0,"18":0,"19":0},"b":{"0":[1,0],"1":[2,1],"2":[0,0],"3":[0,0],"4":[0,0],"5":[0,0],"6":[0,0],"7":[0,0],"8":[0,0],"9":[1,0],"10":[0,0],"11":[0,0],"12":[0,0],"13":[0,0]},"_coverageSchema":"1a1c01bbd47fc00a2c39e90264f33305004495a9","hash":"8c353f8a58fb2ed3f18c86d349c6c53c1eecedb5"}
,"C:\\Users\\JOSIE\\Desktop\\EMR-develop\\model\\user.js": {"path":"C:\\Users\\JOSIE\\Desktop\\EMR-develop\\model\\user.js","statementMap":{"0":{"start":{"line":1,"column":17},"end":{"line":1,"column":36}},"1":{"start":{"line":2,"column":20},"end":{"line":2,"column":40}},"2":{"start":{"line":6,"column":19},"end":{"line":22,"column":2}},"3":{"start":{"line":24,"column":13},"end":{"line":24,"column":47}},"4":{"start":{"line":25,"column":0},"end":{"line":25,"column":22}}},"fnMap":{},"branchMap":{},"s":{"0":1,"1":1,"2":1,"3":1,"4":1},"f":{},"b":{},"_coverageSchema":"1a1c01bbd47fc00a2c39e90264f33305004495a9","hash":"6675c13f64135637288187c36d562e29c95f2066"}
}
