TN:
SF:controller\controlleruser.js
FN:9,(anonymous_0)
FN:24,(anonymous_1)
FN:27,(anonymous_2)
FN:39,(anonymous_3)
FN:69,(anonymous_4)
FN:87,(anonymous_5)
FN:92,(anonymous_6)
FN:94,(anonymous_7)
FN:105,(anonymous_8)
FN:116,(anonymous_9)
FN:126,(anonymous_10)
FN:135,(anonymous_11)
FN:143,(anonymous_12)
FN:154,(anonymous_13)
FN:176,(anonymous_14)
FN:178,(anonymous_15)
FN:192,(anonymous_16)
FN:203,(anonymous_17)
FN:215,(anonymous_18)
FN:224,(anonymous_19)
FNF:20
FNH:3
FNDA:1,(anonymous_0)
FNDA:0,(anonymous_1)
FNDA:3,(anonymous_2)
FNDA:0,(anonymous_3)
FNDA:0,(anonymous_4)
FNDA:0,(anonymous_5)
FNDA:0,(anonymous_6)
FNDA:0,(anonymous_7)
FNDA:0,(anonymous_8)
FNDA:0,(anonymous_9)
FNDA:0,(anonymous_10)
FNDA:0,(anonymous_11)
FNDA:1,(anonymous_12)
FNDA:0,(anonymous_13)
FNDA:0,(anonymous_14)
FNDA:0,(anonymous_15)
FNDA:0,(anonymous_16)
FNDA:0,(anonymous_17)
FNDA:0,(anonymous_18)
FNDA:0,(anonymous_19)
DA:1,1
DA:3,1
DA:4,1
DA:7,1
DA:10,1
DA:11,1
DA:12,1
DA:13,1
DA:17,0
DA:19,0
DA:20,0
DA:25,0
DA:28,3
DA:29,3
DA:30,3
DA:32,3
DA:34,2
DA:35,2
DA:36,2
DA:39,1
DA:40,0
DA:42,0
DA:43,0
DA:44,0
DA:47,0
DA:49,0
DA:50,0
DA:55,0
DA:56,0
DA:57,0
DA:58,0
DA:59,0
DA:62,0
DA:63,0
DA:64,0
DA:70,0
DA:71,0
DA:72,0
DA:73,0
DA:74,0
DA:77,0
DA:81,0
DA:82,0
DA:83,0
DA:88,0
DA:93,0
DA:95,0
DA:96,0
DA:97,0
DA:98,0
DA:103,0
DA:106,0
DA:107,0
DA:108,0
DA:109,0
DA:110,0
DA:111,0
DA:114,0
DA:117,0
DA:118,0
DA:119,0
DA:120,0
DA:123,0
DA:127,0
DA:128,0
DA:131,0
DA:132,0
DA:136,0
DA:138,0
DA:144,1
DA:145,1
DA:148,0
DA:150,1
DA:155,0
DA:156,0
DA:157,0
DA:158,0
DA:159,0
DA:160,0
DA:163,0
DA:164,0
DA:165,0
DA:169,0
DA:170,0
DA:171,0
DA:177,0
DA:179,0
DA:180,0
DA:181,0
DA:182,0
DA:183,0
DA:184,0
DA:189,0
DA:193,0
DA:194,0
DA:195,0
DA:196,0
DA:197,0
DA:204,0
DA:205,0
DA:208,0
DA:212,0
DA:217,0
DA:225,0
DA:227,0
DA:233,1
LF:106
LH:20
BRDA:10,0,0,1
BRDA:10,0,1,0
BRDA:32,1,0,2
BRDA:32,1,1,1
BRDA:40,2,0,0
BRDA:40,2,1,0
BRDA:47,3,0,0
BRDA:47,3,1,0
BRDA:70,4,0,0
BRDA:70,4,1,0
BRDA:73,5,0,0
BRDA:73,5,1,0
BRDA:110,6,0,0
BRDA:110,6,1,0
BRDA:117,7,0,0
BRDA:117,7,1,0
BRDA:127,8,0,0
BRDA:127,8,1,0
BRDA:144,9,0,1
BRDA:144,9,1,0
BRDA:155,10,0,0
BRDA:155,10,1,0
BRDA:158,11,0,0
BRDA:158,11,1,0
BRDA:194,12,0,0
BRDA:194,12,1,0
BRDA:204,13,0,0
BRDA:204,13,1,0
BRF:28
BRH:4
end_of_record
TN:
SF:model\user.js
FNF:0
FNH:0
DA:1,1
DA:2,1
DA:6,1
DA:24,1
DA:25,1
LF:5
LH:5
BRF:0
BRH:0
end_of_record
